<?xml version="1.0" encoding="UTF-8"?>
<!-- Generated by org.testng.reporters.JUnitReportReporter -->
<testsuite hostname="swatisabharwals-MacBook-Pro.local" name="com.Assignment1.assignment.Bing" tests="3" failures="0" timestamp="9 Jan 2016 09:00:14 GMT" time="11.375" errors="0">
  <testcase name="test2" time="9.225" classname="com.Assignment1.assignment.Bing"/>
  <testcase name="test1" time="0.670" classname="com.Assignment1.assignment.Bing"/>
  <testcase name="test3" time="1.480" classname="com.Assignment1.assignment.Bing"/>
</testsuite> <!-- com.Assignment1.assignment.Bing -->
