<?xml version="1.0" encoding="UTF-8"?>
<!-- Generated by org.testng.reporters.JUnitReportReporter -->
<testsuite hostname="swatisabharwals-MacBook-Pro.local" name="com.Assignment1.assignment.topNavigationMenuValidation" tests="4" failures="0" timestamp="10 Jan 2016 15:24:22 GMT" time="48.173" errors="0">
  <testcase name="f" time="0.008" classname="com.Assignment1.assignment.topNavigationMenuValidation"/>
  <testcase name="f" time="0.004" classname="com.Assignment1.assignment.topNavigationMenuValidation"/>
  <testcase name="launchTheApplication" time="38.204" classname="com.Assignment1.assignment.topNavigationMenuValidation"/>
  <testcase name="Validate_Company_Link" time="9.957" classname="com.Assignment1.assignment.topNavigationMenuValidation"/>
</testsuite> <!-- com.Assignment1.assignment.topNavigationMenuValidation -->
